# JRE version: OpenJDK Runtime Environment Temurin-21.0.10+7 (21.0.10+7) (build 21.0.10+7-LTS)
# Java VM: OpenJDK 64-Bit Server VM Temurin-21.0.10+7 (21.0.10+7-LTS, mixed mode, sharing, tiered, compressed oops, compressed class ptrs, parallel gc, windows-amd64)
GC Precious Log:
 CardTable entry size: 512
 CPUs: 12 total, 12 available
 Memory: 16095M
 Large Page Support: Disabled
 NUMA Support: Disabled
 Compressed Oops: Enabled (32-bit)
 Alignments: Space 512K, Generation 512K, Heap 2M
 Heap Min Capacity: 100M
 Heap Initial Capacity: 100M
 Heap Max Capacity: 2G
 Pre-touch: Disabled
 Parallel Workers: 10
Heap:
 PSYoungGen      total 17408K, used 5949K [0x00000000d5580000, 0x00000000d6900000, 0x0000000100000000)
  eden space 15872K, 28% used [0x00000000d5580000,0x00000000d59e3668,0x00000000d6500000)
  from space 1536K, 94% used [0x00000000d6780000,0x00000000d68ec010,0x00000000d6900000)
  to   space 1536K, 0% used [0x00000000d6600000,0x00000000d6600000,0x00000000d6780000)
 ParOldGen       total 974848K, used 321767K [0x0000000080000000, 0x00000000bb800000, 0x00000000d5580000)
  object space 974848K, 33% used [0x0000000080000000,0x0000000093a39ee8,0x00000000bb800000)
 Metaspace       used 77717K, committed 79552K, reserved 1179648K
  class space    used 8177K, committed 9024K, reserved 1048576K
GC Heap History (20 events):
Event: 157.478 GC heap before
{Heap before GC invocations=465 (full 3):
 PSYoungGen      total 17408K, used 17397K [0x00000000d5580000, 0x00000000d7100000, 0x0000000100000000)
  eden space 15872K, 99% used [0x00000000d5580000,0x00000000d64feea0,0x00000000d6500000)
  from space 1536K, 99% used [0x00000000d6c80000,0x00000000d6dfe6c0,0x00000000d6e00000)
  to   space 3072K, 0% used [0x00000000d6e00000,0x00000000d6e00000,0x00000000d7100000)
 ParOldGen       total 943104K, used 942995K [0x0000000080000000, 0x00000000b9900000, 0x00000000d5580000)
  object space 943104K, 99% used [0x0000000080000000,0x00000000b98e4d98,0x00000000b9900000)
 Metaspace       used 77353K, committed 79040K, reserved 1179648K
  class space    used 8180K, committed 8896K, reserved 1048576K
}
Event: 157.482 GC heap after
{Heap after GC invocations=465 (full 3):
 PSYoungGen      total 18944K, used 3064K [0x00000000d5580000, 0x00000000d7300000, 0x0000000100000000)
  eden space 15872K, 0% used [0x00000000d5580000,0x00000000d5580000,0x00000000d6500000)
  from space 3072K, 99% used [0x00000000d6e00000,0x00000000d70fe098,0x00000000d7100000)
  to   space 7168K, 0% used [0x00000000d6500000,0x00000000d6500000,0x00000000d6c00000)
 ParOldGen       total 946688K, used 946275K [0x0000000080000000, 0x00000000b9c80000, 0x00000000d5580000)
  object space 946688K, 99% used [0x0000000080000000,0x00000000b9c18da8,0x00000000b9c80000)
 Metaspace       used 77353K, committed 79040K, reserved 1179648K
  class space    used 8180K, committed 8896K, reserved 1048576K
}
Event: 158.037 GC heap before
{Heap before GC invocations=466 (full 3):
 PSYoungGen      total 18944K, used 18936K [0x00000000d5580000, 0x00000000d7300000, 0x0000000100000000)
  eden space 15872K, 100% used [0x00000000d5580000,0x00000000d6500000,0x00000000d6500000)
  from space 3072K, 99% used [0x00000000d6e00000,0x00000000d70fe098,0x00000000d7100000)
  to   space 7168K, 0% used [0x00000000d6500000,0x00000000d6500000,0x00000000d6c00000)
 ParOldGen       total 970240K, used 969315K [0x0000000080000000, 0x00000000bb380000, 0x00000000d5580000)
  object space 970240K, 99% used [0x0000000080000000,0x00000000bb298dc8,0x00000000bb380000)
 Metaspace       used 77406K, committed 79040K, reserved 1179648K
  class space    used 8180K, committed 8896K, reserved 1048576K
}
Event: 158.039 GC heap after
{Heap after GC invocations=466 (full 3):
 PSYoungGen      total 17920K, used 1728K [0x00000000d5580000, 0x00000000d6e80000, 0x0000000100000000)
  eden space 15872K, 0% used [0x00000000d5580000,0x00000000d5580000,0x00000000d6500000)
  from space 2048K, 84% used [0x00000000d6500000,0x00000000d66b0000,0x00000000d6700000)
  to   space 3584K, 0% used [0x00000000d6b00000,0x00000000d6b00000,0x00000000d6e80000)
 ParOldGen       total 971264K, used 971163K [0x0000000080000000, 0x00000000bb480000, 0x00000000d5580000)
  object space 971264K, 99% used [0x0000000080000000,0x00000000bb466dc8,0x00000000bb480000)
 Metaspace       used 77406K, committed 79040K, reserved 1179648K
  class space    used 8180K, committed 8896K, reserved 1048576K
}
Event: 158.494 GC heap before
{Heap before GC invocations=467 (full 3):
 PSYoungGen      total 17920K, used 17599K [0x00000000d5580000, 0x00000000d6e80000, 0x0000000100000000)
  eden space 15872K, 99% used [0x00000000d5580000,0x00000000d64ffff0,0x00000000d6500000)
  from space 2048K, 84% used [0x00000000d6500000,0x00000000d66b0000,0x00000000d6700000)
  to   space 3584K, 0% used [0x00000000d6b00000,0x00000000d6b00000,0x00000000d6e80000)
 ParOldGen       total 971264K, used 971163K [0x0000000080000000, 0x00000000bb480000, 0x00000000d5580000)
  object space 971264K, 99% used [0x0000000080000000,0x00000000bb466dc8,0x00000000bb480000)
 Metaspace       used 77432K, committed 79104K, reserved 1179648K
  class space    used 8180K, committed 8896K, reserved 1048576K
}
Event: 158.497 GC heap after
{Heap after GC invocations=467 (full 3):
 PSYoungGen      total 19456K, used 3553K [0x00000000d5580000, 0x00000000d7000000, 0x0000000100000000)
  eden space 15872K, 0% used [0x00000000d5580000,0x00000000d5580000,0x00000000d6500000)
  from space 3584K, 99% used [0x00000000d6b00000,0x00000000d6e784e0,0x00000000d6e80000)
  to   space 5632K, 0% used [0x00000000d6500000,0x00000000d6500000,0x00000000d6a80000)
 ParOldGen       total 972800K, used 972491K [0x0000000080000000, 0x00000000bb600000, 0x00000000d5580000)
  object space 972800K, 99% used [0x0000000080000000,0x00000000bb5b2dc8,0x00000000bb600000)
 Metaspace       used 77432K, committed 79104K, reserved 1179648K
  class space    used 8180K, committed 8896K, reserved 1048576K
}
Event: 158.555 GC heap before
{Heap before GC invocations=468 (full 3):
 PSYoungGen      total 19456K, used 19425K [0x00000000d5580000, 0x00000000d7000000, 0x0000000100000000)
  eden space 15872K, 100% used [0x00000000d5580000,0x00000000d6500000,0x00000000d6500000)
  from space 3584K, 99% used [0x00000000d6b00000,0x00000000d6e784e0,0x00000000d6e80000)
  to   space 5632K, 0% used [0x00000000d6500000,0x00000000d6500000,0x00000000d6a80000)
 ParOldGen       total 972800K, used 972491K [0x0000000080000000, 0x00000000bb600000, 0x00000000d5580000)
  object space 972800K, 99% used [0x0000000080000000,0x00000000bb5b2dc8,0x00000000bb600000)
 Metaspace       used 77450K, committed 79104K, reserved 1179648K
  class space    used 8182K, committed 8896K, reserved 1048576K
}
Event: 158.557 GC heap after
{Heap after GC invocations=468 (full 3):
 PSYoungGen      total 19968K, used 3873K [0x00000000d5580000, 0x00000000d6e00000, 0x0000000100000000)
  eden space 15872K, 0% used [0x00000000d5580000,0x00000000d5580000,0x00000000d6500000)
  from space 4096K, 94% used [0x00000000d6500000,0x00000000d68c84e0,0x00000000d6900000)
  to   space 4608K, 0% used [0x00000000d6980000,0x00000000d6980000,0x00000000d6e00000)
 ParOldGen       total 972800K, used 972563K [0x0000000080000000, 0x00000000bb600000, 0x00000000d5580000)
  object space 972800K, 99% used [0x0000000080000000,0x00000000bb5c4dc8,0x00000000bb600000)
 Metaspace       used 77450K, committed 79104K, reserved 1179648K
  class space    used 8182K, committed 8896K, reserved 1048576K
}
Event: 159.794 GC heap before
{Heap before GC invocations=469 (full 3):
 PSYoungGen      total 19968K, used 19745K [0x00000000d5580000, 0x00000000d6e00000, 0x0000000100000000)
  eden space 15872K, 100% used [0x00000000d5580000,0x00000000d6500000,0x00000000d6500000)
  from space 4096K, 94% used [0x00000000d6500000,0x00000000d68c84e0,0x00000000d6900000)
  to   space 4608K, 0% used [0x00000000d6980000,0x00000000d6980000,0x00000000d6e00000)
 ParOldGen       total 972800K, used 972563K [0x0000000080000000, 0x00000000bb600000, 0x00000000d5580000)
  object space 972800K, 99% used [0x0000000080000000,0x00000000bb5c4dc8,0x00000000bb600000)
 Metaspace       used 77467K, committed 79104K, reserved 1179648K
  class space    used 8182K, committed 8896K, reserved 1048576K
}
Event: 159.798 GC heap after
{Heap after GC invocations=469 (full 3):
 PSYoungGen      total 17408K, used 1345K [0x00000000d5580000, 0x00000000d6b00000, 0x0000000100000000)
  eden space 15872K, 0% used [0x00000000d5580000,0x00000000d5580000,0x00000000d6500000)
  from space 1536K, 87% used [0x00000000d6980000,0x00000000d6ad04e0,0x00000000d6b00000)
  to   space 2560K, 0% used [0x00000000d6600000,0x00000000d6600000,0x00000000d6880000)
 ParOldGen       total 972800K, used 972595K [0x0000000080000000, 0x00000000bb600000, 0x00000000d5580000)
  object space 972800K, 99% used [0x0000000080000000,0x00000000bb5ccdc8,0x00000000bb600000)
 Metaspace       used 77467K, committed 79104K, reserved 1179648K
  class space    used 8182K, committed 8896K, reserved 1048576K
}
Event: 185.926 GC heap before
{Heap before GC invocations=470 (full 3):
 PSYoungGen      total 17408K, used 17217K [0x00000000d5580000, 0x00000000d6b00000, 0x0000000100000000)
  eden space 15872K, 100% used [0x00000000d5580000,0x00000000d6500000,0x00000000d6500000)
  from space 1536K, 87% used [0x00000000d6980000,0x00000000d6ad04e0,0x00000000d6b00000)
  to   space 2560K, 0% used [0x00000000d6600000,0x00000000d6600000,0x00000000d6880000)
 ParOldGen       total 972800K, used 972595K [0x0000000080000000, 0x00000000bb600000, 0x00000000d5580000)
  object space 972800K, 99% used [0x0000000080000000,0x00000000bb5ccdc8,0x00000000bb600000)
 Metaspace       used 77849K, committed 79616K, reserved 1179648K
  class space    used 8209K, committed 9024K, reserved 1048576K
}
Event: 185.929 GC heap after
{Heap after GC invocations=470 (full 3):
 PSYoungGen      total 17920K, used 1888K [0x00000000d5580000, 0x00000000d6a00000, 0x0000000100000000)
  eden space 15872K, 0% used [0x00000000d5580000,0x00000000d5580000,0x00000000d6500000)
  from space 2048K, 92% used [0x00000000d6600000,0x00000000d67d8000,0x00000000d6800000)
  to   space 2048K, 0% used [0x00000000d6800000,0x00000000d6800000,0x00000000d6a00000)
 ParOldGen       total 972800K, used 972667K [0x0000000080000000, 0x00000000bb600000, 0x00000000d5580000)
  object space 972800K, 99% used [0x0000000080000000,0x00000000bb5dedc8,0x00000000bb600000)
 Metaspace       used 77849K, committed 79616K, reserved 1179648K
  class space    used 8209K, committed 9024K, reserved 1048576K
}
Event: 185.953 GC heap before
{Heap before GC invocations=471 (full 3):
 PSYoungGen      total 17920K, used 3692K [0x00000000d5580000, 0x00000000d6a00000, 0x0000000100000000)
  eden space 15872K, 11% used [0x00000000d5580000,0x00000000d57433c8,0x00000000d6500000)
  from space 2048K, 92% used [0x00000000d6600000,0x00000000d67d8000,0x00000000d6800000)
  to   space 2048K, 0% used [0x00000000d6800000,0x00000000d6800000,0x00000000d6a00000)
 ParOldGen       total 972800K, used 972667K [0x0000000080000000, 0x00000000bb600000, 0x00000000d5580000)
  object space 972800K, 99% used [0x0000000080000000,0x00000000bb5dedc8,0x00000000bb600000)
 Metaspace       used 77875K, committed 79616K, reserved 1179648K
  class space    used 8209K, committed 9024K, reserved 1048576K
}
Event: 185.956 GC heap after
{Heap after GC invocations=471 (full 3):
 PSYoungGen      total 16384K, used 352K [0x00000000d5580000, 0x00000000d6880000, 0x0000000100000000)
  eden space 15872K, 0% used [0x00000000d5580000,0x00000000d5580000,0x00000000d6500000)
  from space 512K, 68% used [0x00000000d6800000,0x00000000d6858000,0x00000000d6880000)
  to   space 1024K, 0% used [0x00000000d6680000,0x00000000d6680000,0x00000000d6780000)
 ParOldGen       total 974848K, used 974491K [0x0000000080000000, 0x00000000bb800000, 0x00000000d5580000)
  object space 974848K, 99% used [0x0000000080000000,0x00000000bb7a6df8,0x00000000bb800000)
 Metaspace       used 77875K, committed 79616K, reserved 1179648K
  class space    used 8209K, committed 9024K, reserved 1048576K
}
Event: 185.956 GC heap before
{Heap before GC invocations=472 (full 4):
 PSYoungGen      total 16384K, used 352K [0x00000000d5580000, 0x00000000d6880000, 0x0000000100000000)
  eden space 15872K, 0% used [0x00000000d5580000,0x00000000d5580000,0x00000000d6500000)
  from space 512K, 68% used [0x00000000d6800000,0x00000000d6858000,0x00000000d6880000)
  to   space 1024K, 0% used [0x00000000d6680000,0x00000000d6680000,0x00000000d6780000)
 ParOldGen       total 974848K, used 974491K [0x0000000080000000, 0x00000000bb800000, 0x00000000d5580000)
  object space 974848K, 99% used [0x0000000080000000,0x00000000bb7a6df8,0x00000000bb800000)
 Metaspace       used 77875K, committed 79616K, reserved 1179648K
  class space    used 8209K, committed 9024K, reserved 1048576K
}
Event: 186.256 GC heap after
{Heap after GC invocations=472 (full 4):
 PSYoungGen      total 16384K, used 0K [0x00000000d5580000, 0x00000000d6880000, 0x0000000100000000)
  eden space 15872K, 0% used [0x00000000d5580000,0x00000000d5580000,0x00000000d6500000)
  from space 512K, 0% used [0x00000000d6800000,0x00000000d6800000,0x00000000d6880000)
  to   space 1024K, 0% used [0x00000000d6680000,0x00000000d6680000,0x00000000d6780000)
 ParOldGen       total 974848K, used 320311K [0x0000000080000000, 0x00000000bb800000, 0x00000000d5580000)
  object space 974848K, 32% used [0x0000000080000000,0x00000000938cdee8,0x00000000bb800000)
 Metaspace       used 77433K, committed 79488K, reserved 1179648K
  class space    used 8167K, committed 9024K, reserved 1048576K
}
Event: 186.387 GC heap before
{Heap before GC invocations=473 (full 4):
 PSYoungGen      total 16384K, used 15872K [0x00000000d5580000, 0x00000000d6880000, 0x0000000100000000)
  eden space 15872K, 100% used [0x00000000d5580000,0x00000000d6500000,0x00000000d6500000)
  from space 512K, 0% used [0x00000000d6800000,0x00000000d6800000,0x00000000d6880000)
  to   space 1024K, 0% used [0x00000000d6680000,0x00000000d6680000,0x00000000d6780000)
 ParOldGen       total 974848K, used 320311K [0x0000000080000000, 0x00000000bb800000, 0x00000000d5580000)
  object space 974848K, 32% used [0x0000000080000000,0x00000000938cdee8,0x00000000bb800000)
 Metaspace       used 77564K, committed 79488K, reserved 1179648K
  class space    used 8167K, committed 9024K, reserved 1048576K
}
Event: 186.389 GC heap after
{Heap after GC invocations=473 (full 4):
 PSYoungGen      total 16896K, used 1024K [0x00000000d5580000, 0x00000000d6900000, 0x0000000100000000)
  eden space 15872K, 0% used [0x00000000d5580000,0x00000000d5580000,0x00000000d6500000)
  from space 1024K, 100% used [0x00000000d6680000,0x00000000d6780000,0x00000000d6780000)
  to   space 1536K, 0% used [0x00000000d6780000,0x00000000d6780000,0x00000000d6900000)
 ParOldGen       total 974848K, used 320823K [0x0000000080000000, 0x00000000bb800000, 0x00000000d5580000)
  object space 974848K, 32% used [0x0000000080000000,0x000000009394dee8,0x00000000bb800000)
 Metaspace       used 77564K, committed 79488K, reserved 1179648K
  class space    used 8167K, committed 9024K, reserved 1048576K
}
Event: 186.495 GC heap before
{Heap before GC invocations=474 (full 4):
 PSYoungGen      total 16896K, used 16896K [0x00000000d5580000, 0x00000000d6900000, 0x0000000100000000)
  eden space 15872K, 100% used [0x00000000d5580000,0x00000000d6500000,0x00000000d6500000)
  from space 1024K, 100% used [0x00000000d6680000,0x00000000d6780000,0x00000000d6780000)
  to   space 1536K, 0% used [0x00000000d6780000,0x00000000d6780000,0x00000000d6900000)
 ParOldGen       total 974848K, used 320823K [0x0000000080000000, 0x00000000bb800000, 0x00000000d5580000)
  object space 974848K, 32% used [0x0000000080000000,0x000000009394dee8,0x00000000bb800000)
 Metaspace       used 77662K, committed 79552K, reserved 1179648K
  class space    used 8167K, committed 9024K, reserved 1048576K
}
Event: 186.496 GC heap after
{Heap after GC invocations=474 (full 4):
 PSYoungGen      total 17408K, used 1456K [0x00000000d5580000, 0x00000000d6900000, 0x0000000100000000)
  eden space 15872K, 0% used [0x00000000d5580000,0x00000000d5580000,0x00000000d6500000)
  from space 1536K, 94% used [0x00000000d6780000,0x00000000d68ec010,0x00000000d6900000)
  to   space 1536K, 0% used [0x00000000d6600000,0x00000000d6600000,0x00000000d6780000)
 ParOldGen       total 974848K, used 321767K [0x0000000080000000, 0x00000000bb800000, 0x00000000d5580000)
  object space 974848K, 33% used [0x0000000080000000,0x0000000093a39ee8,0x00000000bb800000)
 Metaspace       used 77662K, committed 79552K, reserved 1179648K
  class space    used 8167K, committed 9024K, reserved 1048576K
}

