# JRE version: OpenJDK Runtime Environment Temurin-21.0.10+7 (21.0.10+7) (build 21.0.10+7-LTS)
# Java VM: OpenJDK 64-Bit Server VM Temurin-21.0.10+7 (21.0.10+7-LTS, mixed mode, sharing, tiered, compressed oops, compressed class ptrs, parallel gc, windows-amd64)
GC Precious Log:
 CardTable entry size: 512
 CPUs: 12 total, 12 available
 Memory: 16095M
 Large Page Support: Disabled
 NUMA Support: Disabled
 Compressed Oops: Enabled (32-bit)
 Alignments: Space 512K, Generation 512K, Heap 2M
 Heap Min Capacity: 100M
 Heap Initial Capacity: 100M
 Heap Max Capacity: 2G
 Pre-touch: Disabled
 Parallel Workers: 10
Heap:
 PSYoungGen      total 4096K, used 2356K [0x00000000d5580000, 0x00000000d5b00000, 0x0000000100000000)
  eden space 3584K, 56% used [0x00000000d5580000,0x00000000d577d2e8,0x00000000d5900000)
  from space 512K, 62% used [0x00000000d5a80000,0x00000000d5ad0000,0x00000000d5b00000)
  to   space 512K, 0% used [0x00000000d5a00000,0x00000000d5a00000,0x00000000d5a80000)
 ParOldGen       total 1060352K, used 1060137K [0x0000000080000000, 0x00000000c0b80000, 0x00000000d5580000)
  object space 1060352K, 99% used [0x0000000080000000,0x00000000c0b4a7e0,0x00000000c0b80000)
 Metaspace       used 75943K, committed 77696K, reserved 1179648K
  class space    used 8027K, committed 8768K, reserved 1048576K
GC Heap History (20 events):
Event: 102.673 GC heap before
{Heap before GC invocations=449 (full 3):
 PSYoungGen      total 5632K, used 5285K [0x00000000d5580000, 0x00000000d5c80000, 0x0000000100000000)
  eden space 4096K, 99% used [0x00000000d5580000,0x00000000d597ffe8,0x00000000d5980000)
  from space 1536K, 77% used [0x00000000d5980000,0x00000000d5aa9418,0x00000000d5b00000)
  to   space 1536K, 0% used [0x00000000d5b00000,0x00000000d5b00000,0x00000000d5c80000)
 ParOldGen       total 1051648K, used 1051458K [0x0000000080000000, 0x00000000c0300000, 0x00000000d5580000)
  object space 1051648K, 99% used [0x0000000080000000,0x00000000c02d0960,0x00000000c0300000)
 Metaspace       used 75936K, committed 77632K, reserved 1179648K
  class space    used 8026K, committed 8704K, reserved 1048576K
}
Event: 102.678 GC heap after
{Heap after GC invocations=449 (full 3):
 PSYoungGen      total 4096K, used 1534K [0x00000000d5580000, 0x00000000d6080000, 0x0000000100000000)
  eden space 2560K, 0% used [0x00000000d5580000,0x00000000d5580000,0x00000000d5800000)
  from space 1536K, 99% used [0x00000000d5b00000,0x00000000d5c7fa98,0x00000000d5c80000)
  to   space 3072K, 0% used [0x00000000d5800000,0x00000000d5800000,0x00000000d5b00000)
 ParOldGen       total 1052672K, used 1052489K [0x0000000080000000, 0x00000000c0400000, 0x00000000d5580000)
  object space 1052672K, 99% used [0x0000000080000000,0x00000000c03d24d0,0x00000000c0400000)
 Metaspace       used 75936K, committed 77632K, reserved 1179648K
  class space    used 8026K, committed 8704K, reserved 1048576K
}
Event: 102.685 GC heap before
{Heap before GC invocations=450 (full 3):
 PSYoungGen      total 4096K, used 4094K [0x00000000d5580000, 0x00000000d6080000, 0x0000000100000000)
  eden space 2560K, 100% used [0x00000000d5580000,0x00000000d5800000,0x00000000d5800000)
  from space 1536K, 99% used [0x00000000d5b00000,0x00000000d5c7fa98,0x00000000d5c80000)
  to   space 3072K, 0% used [0x00000000d5800000,0x00000000d5800000,0x00000000d5b00000)
 ParOldGen       total 1052672K, used 1052489K [0x0000000080000000, 0x00000000c0400000, 0x00000000d5580000)
  object space 1052672K, 99% used [0x0000000080000000,0x00000000c03d24d0,0x00000000c0400000)
 Metaspace       used 75936K, committed 77632K, reserved 1179648K
  class space    used 8026K, committed 8704K, reserved 1048576K
}
Event: 102.688 GC heap after
{Heap after GC invocations=450 (full 3):
 PSYoungGen      total 3584K, used 736K [0x00000000d5580000, 0x00000000d5b80000, 0x0000000100000000)
  eden space 2560K, 0% used [0x00000000d5580000,0x00000000d5580000,0x00000000d5800000)
  from space 1024K, 71% used [0x00000000d5800000,0x00000000d58b8000,0x00000000d5900000)
  to   space 1536K, 0% used [0x00000000d5a00000,0x00000000d5a00000,0x00000000d5b80000)
 ParOldGen       total 1054720K, used 1054101K [0x0000000080000000, 0x00000000c0600000, 0x00000000d5580000)
  object space 1054720K, 99% used [0x0000000080000000,0x00000000c05655f0,0x00000000c0600000)
 Metaspace       used 75936K, committed 77632K, reserved 1179648K
  class space    used 8026K, committed 8704K, reserved 1048576K
}
Event: 102.691 GC heap before
{Heap before GC invocations=451 (full 3):
 PSYoungGen      total 3584K, used 3296K [0x00000000d5580000, 0x00000000d5b80000, 0x0000000100000000)
  eden space 2560K, 100% used [0x00000000d5580000,0x00000000d5800000,0x00000000d5800000)
  from space 1024K, 71% used [0x00000000d5800000,0x00000000d58b8000,0x00000000d5900000)
  to   space 1536K, 0% used [0x00000000d5a00000,0x00000000d5a00000,0x00000000d5b80000)
 ParOldGen       total 1054720K, used 1054101K [0x0000000080000000, 0x00000000c0600000, 0x00000000d5580000)
  object space 1054720K, 99% used [0x0000000080000000,0x00000000c05655f0,0x00000000c0600000)
 Metaspace       used 75936K, committed 77632K, reserved 1179648K
  class space    used 8026K, committed 8704K, reserved 1048576K
}
Event: 102.693 GC heap after
{Heap after GC invocations=451 (full 3):
 PSYoungGen      total 4096K, used 856K [0x00000000d5580000, 0x00000000d5b00000, 0x0000000100000000)
  eden space 3072K, 0% used [0x00000000d5580000,0x00000000d5580000,0x00000000d5880000)
  from space 1024K, 83% used [0x00000000d5a00000,0x00000000d5ad6200,0x00000000d5b00000)
  to   space 1024K, 0% used [0x00000000d5900000,0x00000000d5900000,0x00000000d5a00000)
 ParOldGen       total 1054720K, used 1054711K [0x0000000080000000, 0x00000000c0600000, 0x00000000d5580000)
  object space 1054720K, 99% used [0x0000000080000000,0x00000000c05fdf68,0x00000000c0600000)
 Metaspace       used 75936K, committed 77632K, reserved 1179648K
  class space    used 8026K, committed 8704K, reserved 1048576K
}
Event: 102.698 GC heap before
{Heap before GC invocations=452 (full 3):
 PSYoungGen      total 4096K, used 3928K [0x00000000d5580000, 0x00000000d5b00000, 0x0000000100000000)
  eden space 3072K, 100% used [0x00000000d5580000,0x00000000d5880000,0x00000000d5880000)
  from space 1024K, 83% used [0x00000000d5a00000,0x00000000d5ad6200,0x00000000d5b00000)
  to   space 1024K, 0% used [0x00000000d5900000,0x00000000d5900000,0x00000000d5a00000)
 ParOldGen       total 1054720K, used 1054711K [0x0000000080000000, 0x00000000c0600000, 0x00000000d5580000)
  object space 1054720K, 99% used [0x0000000080000000,0x00000000c05fdf68,0x00000000c0600000)
 Metaspace       used 75936K, committed 77632K, reserved 1179648K
  class space    used 8026K, committed 8704K, reserved 1048576K
}
Event: 102.701 GC heap after
{Heap after GC invocations=452 (full 3):
 PSYoungGen      total 4608K, used 896K [0x00000000d5580000, 0x00000000d5b80000, 0x0000000100000000)
  eden space 3584K, 0% used [0x00000000d5580000,0x00000000d5580000,0x00000000d5900000)
  from space 1024K, 87% used [0x00000000d5900000,0x00000000d59e00b0,0x00000000d5a00000)
  to   space 1024K, 0% used [0x00000000d5a80000,0x00000000d5a80000,0x00000000d5b80000)
 ParOldGen       total 1055744K, used 1055421K [0x0000000080000000, 0x00000000c0700000, 0x00000000d5580000)
  object space 1055744K, 99% used [0x0000000080000000,0x00000000c06af520,0x00000000c0700000)
 Metaspace       used 75936K, committed 77632K, reserved 1179648K
  class space    used 8026K, committed 8704K, reserved 1048576K
}
Event: 102.707 GC heap before
{Heap before GC invocations=453 (full 3):
 PSYoungGen      total 4608K, used 4480K [0x00000000d5580000, 0x00000000d5b80000, 0x0000000100000000)
  eden space 3584K, 100% used [0x00000000d5580000,0x00000000d5900000,0x00000000d5900000)
  from space 1024K, 87% used [0x00000000d5900000,0x00000000d59e00b0,0x00000000d5a00000)
  to   space 1024K, 0% used [0x00000000d5a80000,0x00000000d5a80000,0x00000000d5b80000)
 ParOldGen       total 1055744K, used 1055421K [0x0000000080000000, 0x00000000c0700000, 0x00000000d5580000)
  object space 1055744K, 99% used [0x0000000080000000,0x00000000c06af520,0x00000000c0700000)
 Metaspace       used 75936K, committed 77632K, reserved 1179648K
  class space    used 8026K, committed 8704K, reserved 1048576K
}
Event: 102.709 GC heap after
{Heap after GC invocations=453 (full 3):
 PSYoungGen      total 3584K, used 1007K [0x00000000d5580000, 0x00000000d5f00000, 0x0000000100000000)
  eden space 2560K, 0% used [0x00000000d5580000,0x00000000d5580000,0x00000000d5800000)
  from space 1024K, 98% used [0x00000000d5a80000,0x00000000d5b7bfa0,0x00000000d5b80000)
  to   space 2560K, 0% used [0x00000000d5800000,0x00000000d5800000,0x00000000d5a80000)
 ParOldGen       total 1056768K, used 1056351K [0x0000000080000000, 0x00000000c0800000, 0x00000000d5580000)
  object space 1056768K, 99% used [0x0000000080000000,0x00000000c0797c40,0x00000000c0800000)
 Metaspace       used 75936K, committed 77632K, reserved 1179648K
  class space    used 8026K, committed 8704K, reserved 1048576K
}
Event: 102.712 GC heap before
{Heap before GC invocations=454 (full 3):
 PSYoungGen      total 3584K, used 3567K [0x00000000d5580000, 0x00000000d5f00000, 0x0000000100000000)
  eden space 2560K, 100% used [0x00000000d5580000,0x00000000d5800000,0x00000000d5800000)
  from space 1024K, 98% used [0x00000000d5a80000,0x00000000d5b7bfa0,0x00000000d5b80000)
  to   space 2560K, 0% used [0x00000000d5800000,0x00000000d5800000,0x00000000d5a80000)
 ParOldGen       total 1056768K, used 1056351K [0x0000000080000000, 0x00000000c0800000, 0x00000000d5580000)
  object space 1056768K, 99% used [0x0000000080000000,0x00000000c0797c40,0x00000000c0800000)
 Metaspace       used 75936K, committed 77632K, reserved 1179648K
  class space    used 8026K, committed 8704K, reserved 1048576K
}
Event: 102.714 GC heap after
{Heap after GC invocations=454 (full 3):
 PSYoungGen      total 3584K, used 808K [0x00000000d5580000, 0x00000000d5b80000, 0x0000000100000000)
  eden space 2560K, 0% used [0x00000000d5580000,0x00000000d5580000,0x00000000d5800000)
  from space 1024K, 78% used [0x00000000d5800000,0x00000000d58ca3b8,0x00000000d5900000)
  to   space 1536K, 0% used [0x00000000d5a00000,0x00000000d5a00000,0x00000000d5b80000)
 ParOldGen       total 1057792K, used 1057487K [0x0000000080000000, 0x00000000c0900000, 0x00000000d5580000)
  object space 1057792K, 99% used [0x0000000080000000,0x00000000c08b3d68,0x00000000c0900000)
 Metaspace       used 75936K, committed 77632K, reserved 1179648K
  class space    used 8026K, committed 8704K, reserved 1048576K
}
Event: 102.719 GC heap before
{Heap before GC invocations=455 (full 3):
 PSYoungGen      total 3584K, used 3367K [0x00000000d5580000, 0x00000000d5b80000, 0x0000000100000000)
  eden space 2560K, 99% used [0x00000000d5580000,0x00000000d57ff9d8,0x00000000d5800000)
  from space 1024K, 78% used [0x00000000d5800000,0x00000000d58ca3b8,0x00000000d5900000)
  to   space 1536K, 0% used [0x00000000d5a00000,0x00000000d5a00000,0x00000000d5b80000)
 ParOldGen       total 1057792K, used 1057487K [0x0000000080000000, 0x00000000c0900000, 0x00000000d5580000)
  object space 1057792K, 99% used [0x0000000080000000,0x00000000c08b3d68,0x00000000c0900000)
 Metaspace       used 75936K, committed 77632K, reserved 1179648K
  class space    used 8026K, committed 8704K, reserved 1048576K
}
Event: 102.721 GC heap after
{Heap after GC invocations=455 (full 3):
 PSYoungGen      total 4096K, used 832K [0x00000000d5580000, 0x00000000d5b00000, 0x0000000100000000)
  eden space 3072K, 0% used [0x00000000d5580000,0x00000000d5580000,0x00000000d5880000)
  from space 1024K, 81% used [0x00000000d5a00000,0x00000000d5ad0000,0x00000000d5b00000)
  to   space 1024K, 0% used [0x00000000d5900000,0x00000000d5900000,0x00000000d5a00000)
 ParOldGen       total 1058304K, used 1058269K [0x0000000080000000, 0x00000000c0980000, 0x00000000d5580000)
  object space 1058304K, 99% used [0x0000000080000000,0x00000000c09776b0,0x00000000c0980000)
 Metaspace       used 75936K, committed 77632K, reserved 1179648K
  class space    used 8026K, committed 8704K, reserved 1048576K
}
Event: 102.735 GC heap before
{Heap before GC invocations=456 (full 3):
 PSYoungGen      total 4096K, used 3904K [0x00000000d5580000, 0x00000000d5b00000, 0x0000000100000000)
  eden space 3072K, 100% used [0x00000000d5580000,0x00000000d5880000,0x00000000d5880000)
  from space 1024K, 81% used [0x00000000d5a00000,0x00000000d5ad0000,0x00000000d5b00000)
  to   space 1024K, 0% used [0x00000000d5900000,0x00000000d5900000,0x00000000d5a00000)
 ParOldGen       total 1058304K, used 1058269K [0x0000000080000000, 0x00000000c0980000, 0x00000000d5580000)
  object space 1058304K, 99% used [0x0000000080000000,0x00000000c09776b0,0x00000000c0980000)
 Metaspace       used 75936K, committed 77632K, reserved 1179648K
  class space    used 8026K, committed 8704K, reserved 1048576K
}
Event: 102.736 GC heap after
{Heap after GC invocations=456 (full 3):
 PSYoungGen      total 4608K, used 818K [0x00000000d5580000, 0x00000000d5b80000, 0x0000000100000000)
  eden space 3584K, 0% used [0x00000000d5580000,0x00000000d5580000,0x00000000d5900000)
  from space 1024K, 79% used [0x00000000d5900000,0x00000000d59cc930,0x00000000d5a00000)
  to   space 1024K, 0% used [0x00000000d5a80000,0x00000000d5a80000,0x00000000d5b80000)
 ParOldGen       total 1059328K, used 1058964K [0x0000000080000000, 0x00000000c0a80000, 0x00000000d5580000)
  object space 1059328K, 99% used [0x0000000080000000,0x00000000c0a25078,0x00000000c0a80000)
 Metaspace       used 75936K, committed 77632K, reserved 1179648K
  class space    used 8026K, committed 8704K, reserved 1048576K
}
Event: 102.761 GC heap before
{Heap before GC invocations=457 (full 3):
 PSYoungGen      total 4608K, used 4389K [0x00000000d5580000, 0x00000000d5b80000, 0x0000000100000000)
  eden space 3584K, 99% used [0x00000000d5580000,0x00000000d58fcdf8,0x00000000d5900000)
  from space 1024K, 79% used [0x00000000d5900000,0x00000000d59cc930,0x00000000d5a00000)
  to   space 1024K, 0% used [0x00000000d5a80000,0x00000000d5a80000,0x00000000d5b80000)
 ParOldGen       total 1059328K, used 1058964K [0x0000000080000000, 0x00000000c0a80000, 0x00000000d5580000)
  object space 1059328K, 99% used [0x0000000080000000,0x00000000c0a25078,0x00000000c0a80000)
 Metaspace       used 75936K, committed 77632K, reserved 1179648K
  class space    used 8026K, committed 8704K, reserved 1048576K
}
Event: 102.763 GC heap after
{Heap after GC invocations=457 (full 3):
 PSYoungGen      total 4096K, used 320K [0x00000000d5580000, 0x00000000d5b00000, 0x0000000100000000)
  eden space 3584K, 0% used [0x00000000d5580000,0x00000000d5580000,0x00000000d5900000)
  from space 512K, 62% used [0x00000000d5a80000,0x00000000d5ad0000,0x00000000d5b00000)
  to   space 512K, 0% used [0x00000000d5a00000,0x00000000d5a00000,0x00000000d5a80000)
 ParOldGen       total 1059840K, used 1059669K [0x0000000080000000, 0x00000000c0b00000, 0x00000000d5580000)
  object space 1059840K, 99% used [0x0000000080000000,0x00000000c0ad5550,0x00000000c0b00000)
 Metaspace       used 75936K, committed 77632K, reserved 1179648K
  class space    used 8026K, committed 8704K, reserved 1048576K
}
Event: 103.799 GC heap before
{Heap before GC invocations=458 (full 3):
 PSYoungGen      total 4096K, used 3903K [0x00000000d5580000, 0x00000000d5b00000, 0x0000000100000000)
  eden space 3584K, 99% used [0x00000000d5580000,0x00000000d58ffff8,0x00000000d5900000)
  from space 512K, 62% used [0x00000000d5a80000,0x00000000d5ad0000,0x00000000d5b00000)
  to   space 512K, 0% used [0x00000000d5a00000,0x00000000d5a00000,0x00000000d5a80000)
 ParOldGen       total 1059840K, used 1059669K [0x0000000080000000, 0x00000000c0b00000, 0x00000000d5580000)
  object space 1059840K, 99% used [0x0000000080000000,0x00000000c0ad5550,0x00000000c0b00000)
 Metaspace       used 75938K, committed 77696K, reserved 1179648K
  class space    used 8026K, committed 8768K, reserved 1048576K
}
Event: 103.802 GC heap after
{Heap after GC invocations=458 (full 3):
 PSYoungGen      total 4096K, used 483K [0x00000000d5580000, 0x00000000d5b00000, 0x0000000100000000)
  eden space 3584K, 0% used [0x00000000d5580000,0x00000000d5580000,0x00000000d5900000)
  from space 512K, 94% used [0x00000000d5a00000,0x00000000d5a78e78,0x00000000d5a80000)
  to   space 512K, 0% used [0x00000000d5a80000,0x00000000d5a80000,0x00000000d5b00000)
 ParOldGen       total 1060352K, used 1059877K [0x0000000080000000, 0x00000000c0b80000, 0x00000000d5580000)
  object space 1060352K, 99% used [0x0000000080000000,0x00000000c0b09550,0x00000000c0b80000)
 Metaspace       used 75938K, committed 77696K, reserved 1179648K
  class space    used 8026K, committed 8768K, reserved 1048576K
}

